<?xml version="1.0" encoding="UTF-8"?>
<!-- Generated by org.testng.reporters.JUnitReportReporter -->
<testsuite hostname="ATLAS_ADMIN" failures="0" tests="1" name="com.dms.testcases.TC_login_001" time="40.940" errors="0" timestamp="2024-02-15T16:12:20 IST" skipped="0">
  <testcase classname="com.dms.testcases.TC_login_001" name="VerifyloginWithCorrectCredential" time="40.940"/>
  <system-out/>
</testsuite> <!-- com.dms.testcases.TC_login_001 -->
